<?xml version="1.0" encoding="UTF-8"?>
<testsuite xmlns:xsi="http://www.w3.org/2001/XMLSchema-instance" xsi:noNamespaceSchemaLocation="https://maven.apache.org/surefire/maven-surefire-plugin/xsd/surefire-test-report-3.0.xsd" version="3.0" name="com.example.codingexercise.PackageControllerTests" time="14.368" tests="6" errors="0" skipped="0" failures="0">
  <properties>
[...]
</properties>
  <testcase name="deletePackage" classname="com.example.codingexercise.PackageControllerTests" time="10.944">
    <system-out><![CDATA[
  .   ____          _            __ _ _
 /\\ / ___'_ __ _ _(_)_ __  __ _ \ \ \ \
( ( )\___ | '_ | '_| | '_ \/ _` | \ \ \ \
 \\/  ___)| |_)| | | | | || (_| |  ) ) ) )
  '  |____| .__|_| |_|_| |_\__, | / / / /
 =========|_|==============|___/=/_/_/_/
 :: Spring Boot ::                (v3.1.0)

2023-07-10T10:15:33.234+01:00  INFO 28276 --- [           main] c.e.c.PackageControllerTests             : Starting PackageControllerTests using Java 17.0.7 with PID 28276 (started by tomd in C:\myDev\rest-project-for-jagex\codingexercise)
2023-07-10T10:15:33.240+01:00  INFO 28276 --- [           main] c.e.c.PackageControllerTests             : No active profile set, falling back to 1 default profile: "default"
2023-07-10T10:15:34.383+01:00  INFO 28276 --- [           main] o.s.b.w.embedded.tomcat.TomcatWebServer  : Tomcat initialized with port(s): 0 (http)
2023-07-10T10:15:34.403+01:00  INFO 28276 --- [           main] o.apache.catalina.core.StandardService   : Starting service [Tomcat]
2023-07-10T10:15:34.404+01:00  INFO 28276 --- [           main] o.apache.catalina.core.StandardEngine    : Starting Servlet engine: [Apache Tomcat/10.1.8]
2023-07-10T10:15:34.492+01:00  INFO 28276 --- [           main] o.a.c.c.C.[Tomcat].[localhost].[/]       : Initializing Spring embedded WebApplicationContext
2023-07-10T10:15:34.494+01:00  INFO 28276 --- [           main] w.s.c.ServletWebServerApplicationContext : Root WebApplicationContext: initialization completed in 1212 ms
2023-07-10T10:15:35.040+01:00  INFO 28276 --- [           main] o.s.b.w.embedded.tomcat.TomcatWebServer  : Tomcat started on port(s): 59452 (http) with context path ''
2023-07-10T10:15:35.048+01:00  INFO 28276 --- [           main] c.e.c.PackageControllerTests             : Started PackageControllerTests in 2.069 seconds (process running for 2.856)
2023-07-10T10:15:45.931+01:00  INFO 28276 --- [o-auto-1-exec-1] o.a.c.c.C.[Tomcat].[localhost].[/]       : Initializing Spring DispatcherServlet 'dispatcherServlet'
2023-07-10T10:15:45.932+01:00  INFO 28276 --- [o-auto-1-exec-1] o.s.web.servlet.DispatcherServlet        : Initializing Servlet 'dispatcherServlet'
2023-07-10T10:15:45.932+01:00  INFO 28276 --- [o-auto-1-exec-1] o.s.web.servlet.DispatcherServlet        : Completed initialization in 0 ms
]]></system-out>
  </testcase>
  <testcase name="getPackagesWithMutlpleProducts" classname="com.example.codingexercise.PackageControllerTests" time="0.237"/>
  <testcase name="getPackage" classname="com.example.codingexercise.PackageControllerTests" time="0.108"/>
  <testcase name="createPackage" classname="com.example.codingexercise.PackageControllerTests" time="0.119"/>
  <testcase name="listPackages" classname="com.example.codingexercise.PackageControllerTests" time="0.324"/>
  <testcase name="updatePackage" classname="com.example.codingexercise.PackageControllerTests" time="0.224"/>
</testsuite>